{"contracts\\BasicNFT.sol":{"l":{"11":3,"15":1,"16":1,"17":1,"23":1,"27":1},"path":"C:\\Users\\mishr\\OneDrive\\Desktop\\hardhat-nft\\backend\\contracts\\BasicNFT.sol","s":{"1":3,"2":1,"3":1,"4":1,"5":1,"6":1},"b":{},"f":{"1":3,"2":1,"3":1,"4":1},"fnMap":{"1":{"name":"constructor","line":10,"loc":{"start":{"line":10,"column":4},"end":{"line":12,"column":4}}},"2":{"name":"mintNft","line":14,"loc":{"start":{"line":14,"column":4},"end":{"line":18,"column":4}}},"3":{"name":"tokenURI","line":20,"loc":{"start":{"line":20,"column":4},"end":{"line":24,"column":4}}},"4":{"name":"getTokenCounter","line":26,"loc":{"start":{"line":26,"column":4},"end":{"line":28,"column":4}}}},"statementMap":{"1":{"start":{"line":11,"column":8},"end":{"line":11,"column":25}},"2":{"start":{"line":15,"column":8},"end":{"line":15,"column":44}},"3":{"start":{"line":16,"column":8},"end":{"line":16,"column":26}},"4":{"start":{"line":17,"column":8},"end":{"line":17,"column":29}},"5":{"start":{"line":23,"column":8},"end":{"line":23,"column":24}},"6":{"start":{"line":27,"column":8},"end":{"line":27,"column":29}}},"branchMap":{}},"contracts\\RandomIpfsNft.sol":{"l":{"48":3,"49":3,"50":3,"51":3,"52":3,"53":3,"57":2,"58":1,"61":1,"68":1,"70":1,"77":0,"78":0,"79":0,"80":0,"81":0,"82":0,"83":0,"84":0,"88":0,"89":0,"90":0,"91":0,"100":0,"101":0,"102":0,"103":0,"107":0,"109":0,"111":0,"115":0,"119":3,"127":1,"131":0,"139":0},"path":"C:\\Users\\mishr\\OneDrive\\Desktop\\hardhat-nft\\backend\\contracts\\RandomIpfsNft.sol","s":{"1":3,"2":3,"3":3,"4":3,"5":3,"6":3,"7":2,"8":1,"9":1,"10":1,"11":0,"12":0,"13":0,"14":0,"15":0,"16":0,"17":0,"18":0,"19":0,"20":0,"21":0,"22":0,"23":0,"24":0,"25":0,"26":0,"27":0,"28":0,"29":3,"30":1,"31":0,"32":0},"b":{"1":[1,1],"2":[0,0],"3":[0,0]},"f":{"1":3,"2":2,"3":0,"4":0,"5":0,"6":0,"7":3,"8":1,"9":0,"10":0},"fnMap":{"1":{"name":"constructor","line":47,"loc":{"start":{"line":40,"column":4},"end":{"line":54,"column":4}}},"2":{"name":"requestNft","line":56,"loc":{"start":{"line":56,"column":4},"end":{"line":71,"column":4}}},"3":{"name":"fulfillRandomWords","line":73,"loc":{"start":{"line":73,"column":4},"end":{"line":85,"column":4}}},"4":{"name":"withdraw","line":87,"loc":{"start":{"line":87,"column":4},"end":{"line":93,"column":4}}},"5":{"name":"getBreedFromModedRng","line":95,"loc":{"start":{"line":95,"column":4},"end":{"line":112,"column":4}}},"6":{"name":"getChanceArray","line":114,"loc":{"start":{"line":114,"column":4},"end":{"line":116,"column":4}}},"7":{"name":"getMintFee","line":118,"loc":{"start":{"line":118,"column":4},"end":{"line":120,"column":4}}},"8":{"name":"getDogTokenUris","line":122,"loc":{"start":{"line":122,"column":4},"end":{"line":128,"column":4}}},"9":{"name":"getTokenCounter","line":130,"loc":{"start":{"line":130,"column":4},"end":{"line":132,"column":4}}},"10":{"name":"getRequestIdToSender","line":134,"loc":{"start":{"line":134,"column":4},"end":{"line":140,"column":4}}}},"statementMap":{"1":{"start":{"line":48,"column":8},"end":{"line":48,"column":69}},"2":{"start":{"line":49,"column":8},"end":{"line":49,"column":40}},"3":{"start":{"line":50,"column":8},"end":{"line":50,"column":26}},"4":{"start":{"line":51,"column":8},"end":{"line":51,"column":44}},"5":{"start":{"line":52,"column":8},"end":{"line":52,"column":36}},"6":{"start":{"line":53,"column":8},"end":{"line":53,"column":26}},"7":{"start":{"line":57,"column":8},"end":{"line":57,"column":2042}},"8":{"start":{"line":61,"column":8},"end":{"line":61,"column":2147}},"9":{"start":{"line":68,"column":8},"end":{"line":68,"column":50}},"10":{"start":{"line":70,"column":8},"end":{"line":70,"column":48}},"11":{"start":{"line":77,"column":8},"end":{"line":77,"column":57}},"12":{"start":{"line":78,"column":8},"end":{"line":78,"column":43}},"13":{"start":{"line":79,"column":8},"end":{"line":79,"column":61}},"14":{"start":{"line":80,"column":8},"end":{"line":80,"column":56}},"15":{"start":{"line":81,"column":8},"end":{"line":81,"column":42}},"16":{"start":{"line":82,"column":8},"end":{"line":82,"column":38}},"17":{"start":{"line":83,"column":8},"end":{"line":83,"column":66}},"18":{"start":{"line":84,"column":8},"end":{"line":84,"column":42}},"19":{"start":{"line":88,"column":8},"end":{"line":88,"column":46}},"20":{"start":{"line":89,"column":8},"end":{"line":89,"column":70}},"21":{"start":{"line":90,"column":8},"end":{"line":90,"column":3212}},"22":{"start":{"line":100,"column":8},"end":{"line":100,"column":33}},"23":{"start":{"line":101,"column":8},"end":{"line":101,"column":56}},"24":{"start":{"line":102,"column":8},"end":{"line":102,"column":3521}},"25":{"start":{"line":103,"column":12},"end":{"line":103,"column":3589}},"26":{"start":{"line":107,"column":16},"end":{"line":107,"column":31}},"27":{"start":{"line":109,"column":12},"end":{"line":109,"column":42}},"28":{"start":{"line":115,"column":8},"end":{"line":115,"column":41}},"29":{"start":{"line":119,"column":8},"end":{"line":119,"column":24}},"30":{"start":{"line":127,"column":8},"end":{"line":127,"column":36}},"31":{"start":{"line":131,"column":8},"end":{"line":131,"column":29}},"32":{"start":{"line":139,"column":8},"end":{"line":139,"column":45}}},"branchMap":{"1":{"line":57,"type":"if","locations":[{"start":{"line":57,"column":8},"end":{"line":57,"column":8}},{"start":{"line":57,"column":8},"end":{"line":57,"column":8}}]},"2":{"line":90,"type":"if","locations":[{"start":{"line":90,"column":8},"end":{"line":90,"column":8}},{"start":{"line":90,"column":8},"end":{"line":90,"column":8}}]},"3":{"line":103,"type":"if","locations":[{"start":{"line":103,"column":12},"end":{"line":103,"column":12}},{"start":{"line":103,"column":12},"end":{"line":103,"column":12}}]}}},"contracts\\test\\VRFCoordinatorV2Mock.sol":{"l":{},"path":"C:\\Users\\mishr\\OneDrive\\Desktop\\hardhat-nft\\backend\\contracts\\test\\VRFCoordinatorV2Mock.sol","s":{},"b":{},"f":{},"fnMap":{},"statementMap":{},"branchMap":{}}}