TN:
SF:C:\Users\mishr\OneDrive\Desktop\hardhat-nft\backend\contracts\BasicNFT.sol
FN:10,constructor
FN:14,mintNft
FN:20,tokenURI
FN:26,getTokenCounter
FNF:4
FNH:4
FNDA:3,constructor
FNDA:1,mintNft
FNDA:1,tokenURI
FNDA:1,getTokenCounter
DA:11,3
DA:15,1
DA:16,1
DA:17,1
DA:23,1
DA:27,1
LF:6
LH:6
BRF:0
BRH:0
end_of_record
TN:
SF:C:\Users\mishr\OneDrive\Desktop\hardhat-nft\backend\contracts\RandomIpfsNft.sol
FN:47,constructor
FN:56,requestNft
FN:73,fulfillRandomWords
FN:87,withdraw
FN:95,getBreedFromModedRng
FN:114,getChanceArray
FN:118,getMintFee
FN:122,getDogTokenUris
FN:130,getTokenCounter
FN:134,getRequestIdToSender
FNF:10
FNH:4
FNDA:3,constructor
FNDA:2,requestNft
FNDA:0,fulfillRandomWords
FNDA:0,withdraw
FNDA:0,getBreedFromModedRng
FNDA:0,getChanceArray
FNDA:3,getMintFee
FNDA:1,getDogTokenUris
FNDA:0,getTokenCounter
FNDA:0,getRequestIdToSender
DA:48,3
DA:49,3
DA:50,3
DA:51,3
DA:52,3
DA:53,3
DA:57,2
DA:58,1
DA:61,1
DA:68,1
DA:70,1
DA:77,0
DA:78,0
DA:79,0
DA:80,0
DA:81,0
DA:82,0
DA:83,0
DA:84,0
DA:88,0
DA:89,0
DA:90,0
DA:91,0
DA:100,0
DA:101,0
DA:102,0
DA:103,0
DA:107,0
DA:109,0
DA:111,0
DA:115,0
DA:119,3
DA:127,1
DA:131,0
DA:139,0
LF:35
LH:13
BRDA:57,1,0,1
BRDA:57,1,1,1
BRDA:90,2,0,0
BRDA:90,2,1,0
BRDA:103,3,0,0
BRDA:103,3,1,0
BRF:6
BRH:2
end_of_record
TN:
SF:C:\Users\mishr\OneDrive\Desktop\hardhat-nft\backend\contracts\test\VRFCoordinatorV2Mock.sol
FNF:0
FNH:0
LF:0
LH:0
BRF:0
BRH:0
end_of_record
